2026-06-25 00:09:07 - src.api.main - INFO - Shutting down application and closing database pool...
2026-06-25 00:09:08 - src.api.main - INFO - Starting up application and initializing database pool...
2026-06-25 00:09:19 - src.api.main - INFO - Shutting down application and closing database pool...
2026-06-25 00:09:20 - src.api.main - INFO - Starting up application and initializing database pool...
2026-06-25 00:11:37 - src.api.main - INFO - Shutting down application and closing database pool...
2026-06-25 00:11:38 - src.api.main - INFO - Starting up application and initializing database pool...
2026-06-25 00:13:23 - src.api.main - INFO - Shutting down application and closing database pool...
2026-06-25 00:13:24 - src.api.main - INFO - Starting up application and initializing database pool...
2026-06-25 00:13:35 - src.api.main - INFO - Shutting down application and closing database pool...
2026-06-25 00:13:36 - src.api.main - INFO - Starting up application and initializing database pool...
2026-06-25 00:24:50 - httpx - INFO - HTTP Request: POST http://test/api/v1/chit-groups/38db8d5c-77be-483d-9d7a-8ad0fcda31a3/auctions "HTTP/1.1 201 Created"
2026-06-25 00:24:51 - httpx - INFO - HTTP Request: POST http://test/api/v1/chit-groups/f88e492c-28f6-4603-9acd-ded9c087220a/auctions "HTTP/1.1 403 Forbidden"
2026-06-25 00:24:51 - httpx - INFO - HTTP Request: POST http://test/api/v1/chit-groups/5a153e20-5b8c-4f39-aa66-18391b3ba915/auctions "HTTP/1.1 409 Conflict"
2026-06-25 00:24:51 - httpx - INFO - HTTP Request: POST http://test/api/v1/chit-auctions/5ac01f03-a643-4f12-87b5-5877cb2a8183/bids "HTTP/1.1 400 Bad Request"
2026-06-25 00:24:52 - httpx - INFO - HTTP Request: POST http://test/api/v1/chit-auctions/8c5b4319-e7da-4a89-a376-555ae72db620/bids "HTTP/1.1 400 Bad Request"
2026-06-25 00:24:52 - httpx - INFO - HTTP Request: POST http://test/api/v1/chit-auctions/7498d336-5176-48f0-8f1e-96e170d47762/bids "HTTP/1.1 409 Conflict"
2026-06-25 00:24:53 - httpx - INFO - HTTP Request: POST http://test/api/v1/chit-auctions/68c4d86b-194b-4794-ae22-1471400af715/finalize "HTTP/1.1 200 OK"
2026-06-25 00:24:53 - httpx - INFO - HTTP Request: POST http://test/api/v1/chit-auctions/7da21c12-d58e-4653-b898-3626ee1ef7fd/finalize "HTTP/1.1 200 OK"
2026-06-25 00:24:53 - httpx - INFO - HTTP Request: POST http://test/api/v1/chit-auctions/f876c670-2674-4ca7-b6d2-721dea59e87b/finalize "HTTP/1.1 200 OK"
2026-06-25 00:24:54 - httpx - INFO - HTTP Request: POST http://test/api/v1/chit-auctions/f0805cda-9397-448a-aa25-34d043a0d115/finalize "HTTP/1.1 200 OK"
2026-06-25 00:24:54 - httpx - INFO - HTTP Request: POST http://test/api/v1/chit-auctions/c390e71f-c094-4421-8e56-0a87e7a6852f/finalize "HTTP/1.1 200 OK"
2026-06-25 00:24:54 - httpx - INFO - HTTP Request: GET http://test/api/v1/chit-auctions/c390e71f-c094-4421-8e56-0a87e7a6852f/dues "HTTP/1.1 200 OK"
2026-06-25 00:24:54 - httpx - INFO - HTTP Request: POST http://test/api/v1/chit-auctions/7fd9f79c-0ea0-4ac7-bd7e-d127620bd6ef/finalize "HTTP/1.1 200 OK"
2026-06-25 00:24:54 - httpx - INFO - HTTP Request: GET http://test/api/v1/chit-auctions/7fd9f79c-0ea0-4ac7-bd7e-d127620bd6ef/dues "HTTP/1.1 200 OK"
2026-06-25 00:24:55 - httpx - INFO - HTTP Request: POST http://test/api/v1/chit-auctions/acba8148-0ae1-417a-ad88-e13e22f720c7/finalize "HTTP/1.1 200 OK"
2026-06-25 00:24:55 - httpx - INFO - HTTP Request: POST http://test/api/v1/chit-auctions/acba8148-0ae1-417a-ad88-e13e22f720c7/finalize "HTTP/1.1 400 Bad Request"
2026-06-25 00:24:55 - httpx - INFO - HTTP Request: POST http://test/api/v1/chit-auctions/d01b7cdc-301a-43ce-aa79-4da89b162142/bids "HTTP/1.1 400 Bad Request"
2026-06-25 00:24:56 - httpx - INFO - HTTP Request: POST http://test/api/v1/chit-auctions/f60c513f-50a6-4a3d-8bd9-546d870a8030/finalize "HTTP/1.1 400 Bad Request"
2026-06-25 00:24:56 - httpx - INFO - HTTP Request: POST http://test/api/v1/chit-groups/6f126b9f-9d91-484f-9db4-ff782ad8d279/auctions "HTTP/1.1 400 Bad Request"
2026-06-25 00:24:56 - httpx - INFO - HTTP Request: POST http://test/api/v1/chit-auctions/35bbd5ce-aa01-46fc-bdb6-e6f4a97392b1/finalize "HTTP/1.1 200 OK"
2026-06-25 00:24:57 - httpx - INFO - HTTP Request: GET http://test/api/v1/chit-auctions/0631da0a-10f5-48f9-9ce1-0a7998fb5bb1 "HTTP/1.1 404 Not Found"
2026-06-25 00:25:12 - httpx - INFO - HTTP Request: POST http://test/api/v1/chit-auctions/4d77104c-eb14-4673-8948-6b3899079bd2/finalize "HTTP/1.1 200 OK"
2026-06-25 00:25:28 - src.api.main - INFO - Shutting down application and closing database pool...
2026-06-25 00:25:29 - src.api.main - INFO - Starting up application and initializing database pool...
2026-06-25 00:25:42 - httpx - INFO - HTTP Request: POST http://test/api/v1/chit-groups/383f63e3-2b85-4dfd-b168-010dd502cf2b/auctions "HTTP/1.1 201 Created"
2026-06-25 00:25:43 - httpx - INFO - HTTP Request: POST http://test/api/v1/chit-groups/a4893c82-516a-4305-9254-e1bda762c7b0/auctions "HTTP/1.1 403 Forbidden"
2026-06-25 00:25:43 - httpx - INFO - HTTP Request: POST http://test/api/v1/chit-groups/7431239a-84db-47ed-8ed9-4e264f7019d8/auctions "HTTP/1.1 409 Conflict"
2026-06-25 00:25:44 - httpx - INFO - HTTP Request: POST http://test/api/v1/chit-auctions/2ac01b1e-3715-4540-8ee7-6291a8fcf793/bids "HTTP/1.1 400 Bad Request"
2026-06-25 00:25:44 - httpx - INFO - HTTP Request: POST http://test/api/v1/chit-auctions/50e8888e-be87-435d-bd57-c715848dc1be/bids "HTTP/1.1 400 Bad Request"
2026-06-25 00:25:45 - httpx - INFO - HTTP Request: POST http://test/api/v1/chit-auctions/a1915714-e3f7-42b8-b853-49771625e85a/bids "HTTP/1.1 409 Conflict"
2026-06-25 00:25:45 - httpx - INFO - HTTP Request: POST http://test/api/v1/chit-auctions/576f5538-c9f3-4c03-ade7-1f20871a1a1c/finalize "HTTP/1.1 200 OK"
2026-06-25 00:25:45 - httpx - INFO - HTTP Request: POST http://test/api/v1/chit-auctions/fcce6ade-47df-46f8-bcb0-46f5358a6f78/finalize "HTTP/1.1 200 OK"
2026-06-25 00:25:46 - httpx - INFO - HTTP Request: POST http://test/api/v1/chit-auctions/2218ece9-1b4b-484d-9f72-1460da6620f7/finalize "HTTP/1.1 200 OK"
2026-06-25 00:25:46 - httpx - INFO - HTTP Request: POST http://test/api/v1/chit-auctions/510ca000-e535-404f-ba3d-da80c337a39a/finalize "HTTP/1.1 200 OK"
2026-06-25 00:25:47 - httpx - INFO - HTTP Request: POST http://test/api/v1/chit-auctions/d49b3a0d-6592-4078-bb96-7f9ffdfcbd3e/finalize "HTTP/1.1 200 OK"
2026-06-25 00:25:47 - httpx - INFO - HTTP Request: GET http://test/api/v1/chit-auctions/d49b3a0d-6592-4078-bb96-7f9ffdfcbd3e/dues "HTTP/1.1 200 OK"
2026-06-25 00:25:47 - httpx - INFO - HTTP Request: POST http://test/api/v1/chit-auctions/94dd6cb5-1f52-4c43-9784-42ed8b7c9cd1/finalize "HTTP/1.1 200 OK"
2026-06-25 00:25:47 - httpx - INFO - HTTP Request: GET http://test/api/v1/chit-auctions/94dd6cb5-1f52-4c43-9784-42ed8b7c9cd1/dues "HTTP/1.1 200 OK"
2026-06-25 00:25:47 - httpx - INFO - HTTP Request: POST http://test/api/v1/chit-auctions/96363314-48d0-4cd6-928c-4a58278443e0/finalize "HTTP/1.1 200 OK"
2026-06-25 00:25:47 - httpx - INFO - HTTP Request: POST http://test/api/v1/chit-auctions/96363314-48d0-4cd6-928c-4a58278443e0/finalize "HTTP/1.1 400 Bad Request"
2026-06-25 00:25:48 - httpx - INFO - HTTP Request: POST http://test/api/v1/chit-auctions/7896846b-6c52-4835-8f28-405a8d770efb/bids "HTTP/1.1 400 Bad Request"
2026-06-25 00:25:48 - httpx - INFO - HTTP Request: POST http://test/api/v1/chit-auctions/24786cd1-9902-499e-ba29-6e54190d732d/finalize "HTTP/1.1 400 Bad Request"
2026-06-25 00:25:48 - httpx - INFO - HTTP Request: POST http://test/api/v1/chit-groups/42384f23-bdc1-41d2-ad62-7aae2a7d436a/auctions "HTTP/1.1 400 Bad Request"
2026-06-25 00:25:49 - httpx - INFO - HTTP Request: POST http://test/api/v1/chit-auctions/e2fc83e9-eb03-4b9b-941a-ce763e6388f1/finalize "HTTP/1.1 200 OK"
2026-06-25 00:25:50 - httpx - INFO - HTTP Request: GET http://test/api/v1/chit-auctions/29611e5e-3937-4a6f-a1be-076ee9afeae5 "HTTP/1.1 404 Not Found"
2026-06-25 00:31:32 - src.api.main - INFO - Shutting down application and closing database pool...
2026-06-25 10:08:50 - src.api.main - INFO - Starting up application and initializing database pool...
2026-06-25 10:54:46 - src.api.main - INFO - Shutting down application and closing database pool...
2026-06-25 10:54:48 - src.api.main - INFO - Starting up application and initializing database pool...
2026-06-25 10:56:42 - src.api.main - INFO - Shutting down application and closing database pool...
2026-06-25 10:56:44 - src.api.main - INFO - Starting up application and initializing database pool...
2026-06-25 10:57:57 - src.api.main - INFO - Shutting down application and closing database pool...
2026-06-25 10:57:59 - src.api.main - INFO - Starting up application and initializing database pool...
2026-06-25 11:21:13 - src.api.main - INFO - Shutting down application and closing database pool...
2026-06-25 11:21:15 - src.api.main - INFO - Starting up application and initializing database pool...
2026-06-25 11:49:01 - src.api.main - INFO - Shutting down application and closing database pool...
2026-06-25 11:49:03 - src.api.main - INFO - Starting up application and initializing database pool...
2026-06-25 11:50:15 - src.api.main - INFO - Shutting down application and closing database pool...
2026-06-25 12:12:07 - src.api.main - INFO - Starting up application and initializing database pool...
2026-06-25 12:16:22 - src.api.main - INFO - Starting up application and initializing database pool...
2026-06-25 13:19:58 - src.api.main - INFO - Shutting down application and closing database pool...
2026-06-25 13:20:00 - src.api.main - INFO - Starting up application and initializing database pool...
2026-06-25 13:22:07 - src.api.main - INFO - Starting up application and initializing database pool...
2026-06-25 13:23:38 - src.api.main - INFO - Shutting down application and closing database pool...
2026-06-25 13:23:40 - src.api.main - INFO - Starting up application and initializing database pool...
2026-06-25 13:23:53 - src.api.main - INFO - Shutting down application and closing database pool...
2026-06-25 13:23:55 - src.api.main - INFO - Starting up application and initializing database pool...
2026-06-25 13:24:09 - src.api.main - INFO - Shutting down application and closing database pool...
2026-06-25 13:24:11 - src.api.main - INFO - Starting up application and initializing database pool...
2026-06-25 13:27:07 - src.api.main - INFO - Shutting down application and closing database pool...
2026-06-25 13:27:09 - src.api.main - INFO - Starting up application and initializing database pool...
2026-06-25 14:55:37 - src.api.main - INFO - Starting up application and initializing database pool...
2026-06-25 14:59:55 - src.api.main - INFO - Starting up application and initializing database pool...
2026-06-25 15:06:44 - src.api.main - INFO - Shutting down application and closing database pool...
2026-06-25 15:06:46 - src.api.main - INFO - Starting up application and initializing database pool...
2026-06-25 15:06:53 - src.api.main - INFO - Shutting down application and closing database pool...
2026-06-25 15:06:55 - src.api.main - INFO - Starting up application and initializing database pool...
2026-06-25 15:06:58 - src.api.main - INFO - Shutting down application and closing database pool...
2026-06-25 15:07:00 - src.api.main - INFO - Starting up application and initializing database pool...
2026-06-25 15:07:35 - src.api.main - INFO - Shutting down application and closing database pool...
2026-06-25 15:07:37 - src.api.main - INFO - Starting up application and initializing database pool...
2026-06-25 15:07:58 - src.api.main - INFO - Shutting down application and closing database pool...
2026-06-25 15:08:00 - src.api.main - INFO - Starting up application and initializing database pool...
2026-06-25 15:08:08 - src.api.main - INFO - Shutting down application and closing database pool...
2026-06-25 15:08:10 - src.api.main - INFO - Starting up application and initializing database pool...
2026-06-25 15:08:15 - src.api.main - INFO - Shutting down application and closing database pool...
2026-06-25 15:08:16 - src.api.main - INFO - Starting up application and initializing database pool...
2026-06-25 15:15:29 - src.api.main - INFO - Shutting down application and closing database pool...
2026-06-25 15:15:47 - src.api.main - INFO - Starting up application and initializing database pool...
2026-06-25 17:50:13 - src.api.main - INFO - Shutting down application and closing database pool...
2026-06-25 17:50:15 - src.api.main - INFO - Starting up application and initializing database pool...
2026-06-25 17:50:26 - src.api.main - INFO - Shutting down application and closing database pool...
2026-06-25 17:50:28 - src.api.main - INFO - Starting up application and initializing database pool...
2026-06-25 17:50:34 - src.api.main - INFO - Shutting down application and closing database pool...
2026-06-25 17:50:36 - src.api.main - INFO - Starting up application and initializing database pool...
2026-06-25 17:50:55 - src.api.main - INFO - Shutting down application and closing database pool...
2026-06-25 17:50:57 - src.api.main - INFO - Starting up application and initializing database pool...
2026-06-25 18:39:53 - src.api.main - INFO - Shutting down application and closing database pool...
2026-06-25 18:39:55 - src.api.main - INFO - Starting up application and initializing database pool...
2026-06-25 19:05:26 - src.api.main - INFO - Shutting down application and closing database pool...
2026-06-25 19:05:28 - src.api.main - INFO - Starting up application and initializing database pool...
2026-06-25 19:10:56 - src.api.main - INFO - Starting up application and initializing database pool...
2026-06-25 19:54:29 - src.api.main - INFO - Shutting down application and closing database pool...
2026-06-25 19:54:31 - src.api.main - INFO - Starting up application and initializing database pool...
2026-06-25 19:56:10 - src.api.main - INFO - Shutting down application and closing database pool...
2026-06-25 19:56:12 - src.api.main - INFO - Starting up application and initializing database pool...
2026-06-25 20:00:01 - src.api.main - INFO - Shutting down application and closing database pool...
2026-06-25 20:39:36 - src.api.main - INFO - Starting up application and initializing database pool...
2026-06-25 21:15:00 - src.api.main - INFO - Shutting down application and closing database pool...
2026-06-25 21:15:02 - src.api.main - INFO - Starting up application and initializing database pool...
2026-06-25 21:16:16 - src.api.main - INFO - Shutting down application and closing database pool...
2026-06-25 21:16:19 - src.api.main - INFO - Starting up application and initializing database pool...
2026-06-25 21:16:55 - src.api.main - INFO - Shutting down application and closing database pool...
2026-06-25 21:17:46 - src.api.main - INFO - Starting up application and initializing database pool...
2026-06-25 21:18:43 - src.api.main - INFO - Shutting down application and closing database pool...
2026-06-25 21:18:45 - src.api.main - INFO - Starting up application and initializing database pool...
2026-06-25 21:18:50 - src.api.main - INFO - Shutting down application and closing database pool...
2026-06-25 21:18:52 - src.api.main - INFO - Starting up application and initializing database pool...
2026-06-25 21:25:30 - src.api.main - INFO - Shutting down application and closing database pool...
2026-06-25 21:25:33 - src.api.main - INFO - Starting up application and initializing database pool...
2026-06-25 21:26:01 - src.api.main - INFO - Shutting down application and closing database pool...
2026-06-25 21:26:03 - src.api.main - INFO - Starting up application and initializing database pool...
2026-06-25 21:26:44 - src.api.main - INFO - Shutting down application and closing database pool...
2026-06-25 21:26:46 - src.api.main - INFO - Starting up application and initializing database pool...
2026-06-25 21:27:01 - src.api.main - INFO - Shutting down application and closing database pool...
2026-06-25 21:27:03 - src.api.main - INFO - Starting up application and initializing database pool...
2026-06-25 21:28:16 - src.api.main - INFO - Shutting down application and closing database pool...
2026-06-25 21:28:18 - src.api.main - INFO - Starting up application and initializing database pool...
2026-06-25 21:29:35 - src.api.main - INFO - Shutting down application and closing database pool...
2026-06-25 21:29:38 - src.api.main - INFO - Starting up application and initializing database pool...
2026-06-25 21:29:44 - src.api.main - INFO - Shutting down application and closing database pool...
2026-06-25 21:29:46 - src.api.main - INFO - Starting up application and initializing database pool...
2026-06-25 21:30:05 - src.api.main - INFO - Shutting down application and closing database pool...
2026-06-25 21:30:07 - src.api.main - INFO - Starting up application and initializing database pool...
2026-06-25 21:30:13 - src.api.main - INFO - Shutting down application and closing database pool...
2026-06-25 21:30:15 - src.api.main - INFO - Starting up application and initializing database pool...
2026-06-25 21:30:20 - src.api.main - INFO - Shutting down application and closing database pool...
2026-06-25 21:30:23 - src.api.main - INFO - Starting up application and initializing database pool...
2026-06-25 21:34:12 - src.api.main - INFO - Shutting down application and closing database pool...
2026-06-25 21:34:14 - src.api.main - INFO - Starting up application and initializing database pool...
2026-06-25 21:34:27 - src.api.main - INFO - Shutting down application and closing database pool...
2026-06-25 21:34:29 - src.api.main - INFO - Starting up application and initializing database pool...
2026-06-25 21:34:35 - src.api.main - INFO - Shutting down application and closing database pool...
2026-06-25 21:34:37 - src.api.main - INFO - Starting up application and initializing database pool...
2026-06-25 21:34:43 - src.api.main - INFO - Shutting down application and closing database pool...
2026-06-25 21:34:46 - src.api.main - INFO - Starting up application and initializing database pool...
2026-06-25 21:36:13 - src.api.main - INFO - Shutting down application and closing database pool...
2026-06-25 21:36:15 - src.api.main - INFO - Starting up application and initializing database pool...
2026-06-25 21:38:24 - src.api.main - INFO - Shutting down application and closing database pool...
2026-06-25 21:38:26 - src.api.main - INFO - Starting up application and initializing database pool...
2026-06-25 21:40:15 - src.api.main - INFO - Shutting down application and closing database pool...
2026-06-25 21:40:17 - src.api.main - INFO - Starting up application and initializing database pool...
